/*C13*/SET SCHEMA PUBLIC
CONNECT USER SA
DISCONNECT
/*C14*/SET SCHEMA PUBLIC
CONNECT USER SA
DISCONNECT
/*C15*/SET SCHEMA PUBLIC
CONNECT USER SA
/*C16*/SET SCHEMA PUBLIC
CONNECT USER SA
/*C17*/SET SCHEMA PUBLIC
CONNECT USER SA
/*C18*/SET SCHEMA PUBLIC
CONNECT USER SA
/*C19*/SET SCHEMA PUBLIC
CONNECT USER SA
/*C20*/SET SCHEMA PUBLIC
CONNECT USER SA
/*C21*/SET SCHEMA PUBLIC
CONNECT USER SA
/*C22*/SET SCHEMA PUBLIC
CONNECT USER SA
/*C23*/SET SCHEMA PUBLIC
CONNECT USER SA
/*C24*/SET SCHEMA PUBLIC
CONNECT USER SA
SET LOGSIZE 5
SET AUTOCOMMIT FALSE
/*C23*/SET AUTOCOMMIT FALSE
SET AUTOCOMMIT TRUE
/*C24*/SET AUTOCOMMIT TRUE
INSERT INTO FR_EXERECORD VALUES(2815,'jtjs/leader-weekly-work.cpt',2,'__LOCALE__ : zh[java.util.Locale], __STREAMCLOSED__ : [java.lang.String], CMD : parameters_d[java.lang.String], GROUPID : 20608[java.lang.String], LABEL0 : \u9009\u62e9\u65e5\u671f[java.lang.String], OP : fr_dialog[java.lang.String], REPORTLET : jtjs/leader-weekly-work.cpt[java.lang.String], REPORTNAME : jtjs/leader-weekly-work.cpt[java.lang.String], ROLEID : 20938[java.lang.String], SELECTEDDATE : 2016-07-04[java.lang.String], SESSIONID : 99090[java.lang.String], USERID : 20198[java.lang.String]','192.168.1.216','\u672a\u767b\u5f55\u7528\u6237','\u672a\u77e5\u89d2\u8272',1388,'2016-07-07 10:06:49.736000000','[ sql : SELECT\u0009WEEK,\u0009weekDate,\u0009amOrPmId,\u0009amOrPmFROM\u0009(\u0009\u0009SELECT ''\u661f\u671f\u4e00'' week,SUBDATE(''2016-07-04'',WEEKDAY(''2016-07-04'')) weekDate\u0009\u0009UNION\u0009\u0009SELECT ''\u661f\u671f\u4e8c'',SUBDATE(''2016-07-04'',WEEKDAY(''2016-07-04'')-1)\u0009\u0009UNION\u0009\u0009SELECT ''\u661f\u671f\u4e09'',SUBDATE(''2016-07-04'',WEEKDAY(''2016-07-04'')-2)\u0009\u0009UNION\u0009\u0009SELECT ''\u661f\u671f\u56db'',SUBDATE(''2016-07-04'',WEEKDAY(''2016-07-04'')-3)\u0009\u0009UNION\u0009\u0009SELECT ''\u661f\u671f\u4e94'',SUBDATE(''2016-07-04'',WEEKDAY(''2016-07-04'')-4)\u0009\u0009UNION\u0009\u0009SELECT ''\u661f\u671f\u516d'',SUBDATE(''2016-07-04'',WEEKDAY(''2016-07-04'')-5)\u0009\u0009UNION\u0009\u0009SELECT ''\u661f\u671f\u65e5'',SUBDATE(''2016-07-04'',WEEKDAY(''2016-07-04'')-6)\u0009) weekDate,\u0009(\u0009\u0009SELECT 1 amOrPmId,''\u4e0a\u5348'' amOrPm\u0009\u0009UNION\u0009\u0009SELECT 2, ''\u4e0b\u5348''\u0009) amOrPm ; rowcount : 14 ; time : 2016-07-07 10:06:48 ;]\u000a[ sql : SELECT\u0009userId,\u0009CONCAT(firstName, middleName, lastName) userNameFROM\u0009user_WHERE\u0009userId IN (\u0009\u0009SELECT\u0009\u0009\u0009userId\u0009\u0009FROM\u0009\u0009\u0009usergrouprole\u0009\u0009WHERE\u0009\u0009\u0009roleId = 20938\u0009\u0009AND groupId IN (\u0009\u0009\u0009SELECT\u0009\u0009\u0009\u0009groupId\u0009\u0009\u0009FROM\u0009\u0009\u0009\u0009group_\u0009\u0009\u0009WHERE\u0009\u0009\u0009\u0009classNameId = 20003\u0009\u0009\u0009AND classPK IN (\u0009\u0009\u0009\u0009SELECT\u0009\u0009\u0009\u0009\u0009organizationId\u0009\u0009\u0009\u0009FROM\u0009\u0009\u0009\u0009\u0009groups_orgs\u0009\u0009\u0009\u0009WHERE\u0009\u0009\u0009\u0009\u0009groupId = 20608\u0009\u0009\u0009)\u0009\u0009)\u0009) ; rowcount : 2 ; time : 2016-07-07 10:06:48 ;]\u000a[ sql : SELECT\u0009*FROM\u0009oa_LeaderWorkWHERE\u0009userId IN (\u0009\u0009SELECT\u0009\u0009\u0009userId\u0009\u0009FROM\u0009\u0009\u0009usergrouprole\u0009\u0009WHERE\u0009\u0009\u0009roleId = 20938\u0009\u0009AND groupId IN (\u0009\u0009\u0009SELECT\u0009\u0009\u0009\u0009groupId\u0009\u0009\u0009FROM\u0009\u0009\u0009\u0009group_\u0009\u0009\u0009WHERE\u0009\u0009\u0009\u0009classNameId = 20003\u0009\u0009\u0009AND classPK IN (\u0009\u0009\u0009\u0009SELECT\u0009\u0009\u0009\u0009\u0009organizationId\u0009\u0009\u0009\u0009FROM\u0009\u0009\u0009\u0009\u0009groups_orgs\u0009\u0009\u0009\u0009WHERE\u0009\u0009\u0009\u0009\u0009groupId = 20608\u0009\u0009\u0009)\u0009\u0009)\u0009)AND (\u0009workdate BETWEEN SUBDATE(\u0009\u0009''2016-07-04'',\u0009\u0009WEEKDAY(''2016-07-04'')\u0009)\u0009AND SUBDATE(\u0009\u0009''2016-07-04'',\u0009\u0009WEEKDAY(''2016-07-04'') - 6\u0009)) ; rowcount : 15 ; time : 2016-07-07 10:06:48 ;]\u000a','{"Browser":"webkit","Agent":"mozilla/5.0 (macintosh; intel mac os x 10_11_5) applewebkit/537.36 (khtml, like gecko) chrome/51.0.2704.103 safari/537.36","BoxModel":true,"Version":"537.36"}',13200)
INSERT INTO FR_EXERECORD VALUES(2816,'jtjs/leader-weekly-work.cpt',2,'__LOCALE__ : zh[java.util.Locale], __STREAMCLOSED__ : [java.lang.String], CMD : parameters_d[java.lang.String], GROUPID : 20608[java.lang.String], LABEL0 : \u9009\u62e9\u65e5\u671f[java.lang.String], OP : fr_dialog[java.lang.String], REPORTLET : jtjs/leader-weekly-work.cpt[java.lang.String], REPORTNAME : jtjs/leader-weekly-work.cpt[java.lang.String], ROLEID : 20938[java.lang.String], SELECTEDDATE : 2016-07-04[java.lang.String], SESSIONID : 66458[java.lang.String], USERID : 20198[java.lang.String]','192.168.1.216','\u672a\u767b\u5f55\u7528\u6237','\u672a\u77e5\u89d2\u8272',203,'2016-07-07 10:06:57.505000000','[ sql : SELECT\u0009WEEK,\u0009weekDate,\u0009amOrPmId,\u0009amOrPmFROM\u0009(\u0009\u0009SELECT ''\u661f\u671f\u4e00'' week,SUBDATE(''2016-07-04'',WEEKDAY(''2016-07-04'')) weekDate\u0009\u0009UNION\u0009\u0009SELECT ''\u661f\u671f\u4e8c'',SUBDATE(''2016-07-04'',WEEKDAY(''2016-07-04'')-1)\u0009\u0009UNION\u0009\u0009SELECT ''\u661f\u671f\u4e09'',SUBDATE(''2016-07-04'',WEEKDAY(''2016-07-04'')-2)\u0009\u0009UNION\u0009\u0009SELECT ''\u661f\u671f\u56db'',SUBDATE(''2016-07-04'',WEEKDAY(''2016-07-04'')-3)\u0009\u0009UNION\u0009\u0009SELECT ''\u661f\u671f\u4e94'',SUBDATE(''2016-07-04'',WEEKDAY(''2016-07-04'')-4)\u0009\u0009UNION\u0009\u0009SELECT ''\u661f\u671f\u516d'',SUBDATE(''2016-07-04'',WEEKDAY(''2016-07-04'')-5)\u0009\u0009UNION\u0009\u0009SELECT ''\u661f\u671f\u65e5'',SUBDATE(''2016-07-04'',WEEKDAY(''2016-07-04'')-6)\u0009) weekDate,\u0009(\u0009\u0009SELECT 1 amOrPmId,''\u4e0a\u5348'' amOrPm\u0009\u0009UNION\u0009\u0009SELECT 2, ''\u4e0b\u5348''\u0009) amOrPm ; rowcount : 14 ; time : 2016-07-07 10:06:57 ;]\u000a[ sql : SELECT\u0009userId,\u0009CONCAT(firstName, middleName, lastName) userNameFROM\u0009user_WHERE\u0009userId IN (\u0009\u0009SELECT\u0009\u0009\u0009userId\u0009\u0009FROM\u0009\u0009\u0009usergrouprole\u0009\u0009WHERE\u0009\u0009\u0009roleId = 20938\u0009\u0009AND groupId IN (\u0009\u0009\u0009SELECT\u0009\u0009\u0009\u0009groupId\u0009\u0009\u0009FROM\u0009\u0009\u0009\u0009group_\u0009\u0009\u0009WHERE\u0009\u0009\u0009\u0009classNameId = 20003\u0009\u0009\u0009AND classPK IN (\u0009\u0009\u0009\u0009SELECT\u0009\u0009\u0009\u0009\u0009organizationId\u0009\u0009\u0009\u0009FROM\u0009\u0009\u0009\u0009\u0009groups_orgs\u0009\u0009\u0009\u0009WHERE\u0009\u0009\u0009\u0009\u0009groupId = 20608\u0009\u0009\u0009)\u0009\u0009)\u0009) ; rowcount : 2 ; time : 2016-07-07 10:06:57 ;]\u000a[ sql : SELECT\u0009*FROM\u0009oa_LeaderWorkWHERE\u0009userId IN (\u0009\u0009SELECT\u0009\u0009\u0009userId\u0009\u0009FROM\u0009\u0009\u0009usergrouprole\u0009\u0009WHERE\u0009\u0009\u0009roleId = 20938\u0009\u0009AND groupId IN (\u0009\u0009\u0009SELECT\u0009\u0009\u0009\u0009groupId\u0009\u0009\u0009FROM\u0009\u0009\u0009\u0009group_\u0009\u0009\u0009WHERE\u0009\u0009\u0009\u0009classNameId = 20003\u0009\u0009\u0009AND classPK IN (\u0009\u0009\u0009\u0009SELECT\u0009\u0009\u0009\u0009\u0009organizationId\u0009\u0009\u0009\u0009FROM\u0009\u0009\u0009\u0009\u0009groups_orgs\u0009\u0009\u0009\u0009WHERE\u0009\u0009\u0009\u0009\u0009groupId = 20608\u0009\u0009\u0009)\u0009\u0009)\u0009)AND (\u0009workdate BETWEEN SUBDATE(\u0009\u0009''2016-07-04'',\u0009\u0009WEEKDAY(''2016-07-04'')\u0009)\u0009AND SUBDATE(\u0009\u0009''2016-07-04'',\u0009\u0009WEEKDAY(''2016-07-04'') - 6\u0009)) ; rowcount : 15 ; time : 2016-07-07 10:06:57 ;]\u000a','{"Browser":"webkit","Agent":"mozilla/5.0 (macintosh; intel mac os x 10_11_5) applewebkit/537.36 (khtml, like gecko) chrome/51.0.2704.103 safari/537.36","BoxModel":true,"Version":"537.36"}',13200)
/*C23*/INSERT INTO FR_FUNCTIONRECORD VALUES('{"370235313":2}','2016-07-07 10:08:46.378000000')
