/*C16*/SET SCHEMA PUBLIC
CONNECT USER SA
DISCONNECT
/*C17*/SET SCHEMA PUBLIC
CONNECT USER SA
DISCONNECT
/*C18*/SET SCHEMA PUBLIC
CONNECT USER SA
/*C19*/SET SCHEMA PUBLIC
CONNECT USER SA
/*C20*/SET SCHEMA PUBLIC
CONNECT USER SA
/*C21*/SET SCHEMA PUBLIC
CONNECT USER SA
/*C22*/SET SCHEMA PUBLIC
CONNECT USER SA
/*C23*/SET SCHEMA PUBLIC
CONNECT USER SA
/*C24*/SET SCHEMA PUBLIC
CONNECT USER SA
/*C25*/SET SCHEMA PUBLIC
CONNECT USER SA
/*C26*/SET SCHEMA PUBLIC
CONNECT USER SA
/*C27*/SET SCHEMA PUBLIC
CONNECT USER SA
SET LOGSIZE 2
SET AUTOCOMMIT FALSE
/*C26*/SET AUTOCOMMIT FALSE
SET AUTOCOMMIT TRUE
/*C27*/SET AUTOCOMMIT TRUE
/*C28*/SET SCHEMA PUBLIC
CONNECT USER SA
DISCONNECT
/*C29*/SET SCHEMA PUBLIC
CONNECT USER SA
SET AUTOCOMMIT FALSE
SET AUTOCOMMIT TRUE
SET AUTOCOMMIT FALSE
SET AUTOCOMMIT TRUE
SET AUTOCOMMIT FALSE
SET AUTOCOMMIT TRUE
/*C30*/SET SCHEMA PUBLIC
CONNECT USER SA
SET AUTOCOMMIT FALSE
SET AUTOCOMMIT TRUE
/*C27*/SET AUTOCOMMIT FALSE
/*C26*/SET AUTOCOMMIT FALSE
DELETE FROM FR_T_PLATFORMMANAGEMODULE WHERE ID=1
DELETE FROM FR_T_PLATFORMMANAGEMODULE WHERE ID=2
DELETE FROM FR_T_PLATFORMMANAGEMODULE WHERE ID=3
DELETE FROM FR_T_PLATFORMMANAGEMODULE WHERE ID=5
DELETE FROM FR_T_PLATFORMMANAGEMODULE WHERE ID=8
DELETE FROM FR_T_PLATFORMMANAGEMODULE WHERE ID=9
DELETE FROM FR_T_PLATFORMMANAGEMODULE WHERE ID=14
DELETE FROM FR_T_PLATFORMMANAGEMODULE WHERE ID=16
DELETE FROM FR_T_PLATFORMMANAGEMODULE WHERE ID=17
DELETE FROM FR_T_PLATFORMMANAGEMODULE WHERE ID=18
DELETE FROM FR_T_PLATFORMMANAGEMODULE WHERE ID=19
INSERT INTO FR_T_PLATFORMMANAGEMODULE VALUES(1,-1,'FS-Module-Platform_Manager','',0)
INSERT INTO FR_T_PLATFORMMANAGEMODULE VALUES(2,1,'FS-Module-Report_Manager','',1)
INSERT INTO FR_T_PLATFORMMANAGEMODULE VALUES(3,1,'FS-Module-User_Manager','',2)
INSERT INTO FR_T_PLATFORMMANAGEMODULE VALUES(18,1,'FS-Module-Privilege_Manager','',3)
INSERT INTO FR_T_PLATFORMMANAGEMODULE VALUES(5,1,'FS-Module-Server_Setting','',5)
INSERT INTO FR_T_PLATFORMMANAGEMODULE VALUES(14,1,'FS-Module-Look_And_Feel','',6)
INSERT INTO FR_T_PLATFORMMANAGEMODULE VALUES(8,1,'FS-Module-Simple_Register','',7)
INSERT INTO FR_T_PLATFORMMANAGEMODULE VALUES(16,1,'FS-Module-Simple_Scheduler','',4)
INSERT INTO FR_T_PLATFORMMANAGEMODULE VALUES(9,1,'FS-Module-System_Monitor','',8)
INSERT INTO FR_T_PLATFORMMANAGEMODULE VALUES(19,1,'FS-Module-Plugin_Operate','',9)
INSERT INTO FR_T_PLATFORMMANAGEMODULE VALUES(17,1,'FS-Mobile-Mobile_Dev_Binding','',10)
COMMIT
SET AUTOCOMMIT TRUE
SET AUTOCOMMIT FALSE
SET AUTOCOMMIT TRUE
/*C27*/SET AUTOCOMMIT TRUE
/*C26*/DISCONNECT
/*C25*/DISCONNECT
/*C24*/DISCONNECT
/*C23*/DISCONNECT
/*C22*/SET AUTOCOMMIT FALSE
SET AUTOCOMMIT TRUE
/*C21*/SET AUTOCOMMIT FALSE
SET AUTOCOMMIT TRUE
/*C22*/SET AUTOCOMMIT FALSE
SET AUTOCOMMIT TRUE
SET AUTOCOMMIT FALSE
SET AUTOCOMMIT TRUE
DISCONNECT
/*C21*/SET AUTOCOMMIT FALSE
SET AUTOCOMMIT TRUE
DISCONNECT
/*C20*/DISCONNECT
/*C27*/DISCONNECT
/*C30*/SET AUTOCOMMIT FALSE
SET AUTOCOMMIT TRUE
SET AUTOCOMMIT FALSE
SET AUTOCOMMIT TRUE
SET AUTOCOMMIT FALSE
SET AUTOCOMMIT TRUE
SET AUTOCOMMIT FALSE
SET AUTOCOMMIT TRUE
SET AUTOCOMMIT FALSE
SET AUTOCOMMIT TRUE
SET AUTOCOMMIT FALSE
SET AUTOCOMMIT TRUE
SET AUTOCOMMIT FALSE
SET AUTOCOMMIT TRUE
SET AUTOCOMMIT FALSE
SET AUTOCOMMIT TRUE
SET AUTOCOMMIT FALSE
SET AUTOCOMMIT TRUE
SET AUTOCOMMIT FALSE
SET AUTOCOMMIT TRUE
SET AUTOCOMMIT FALSE
SET AUTOCOMMIT TRUE
SET AUTOCOMMIT FALSE
SET AUTOCOMMIT TRUE
SET AUTOCOMMIT FALSE
SET AUTOCOMMIT TRUE
SET AUTOCOMMIT FALSE
SET AUTOCOMMIT TRUE
/*C19*/SET AUTOCOMMIT FALSE
SET AUTOCOMMIT TRUE
/*C30*/SET AUTOCOMMIT FALSE
SET AUTOCOMMIT TRUE
SET AUTOCOMMIT FALSE
SET AUTOCOMMIT TRUE
SET AUTOCOMMIT FALSE
SET AUTOCOMMIT TRUE
SET AUTOCOMMIT FALSE
SET AUTOCOMMIT TRUE
SET AUTOCOMMIT FALSE
SET AUTOCOMMIT TRUE
SET AUTOCOMMIT FALSE
SET AUTOCOMMIT TRUE
SET AUTOCOMMIT FALSE
SET AUTOCOMMIT TRUE
SET AUTOCOMMIT FALSE
SET AUTOCOMMIT TRUE
SET AUTOCOMMIT FALSE
SET AUTOCOMMIT TRUE
SET AUTOCOMMIT FALSE
SET AUTOCOMMIT TRUE
