/*C1*/SET SCHEMA PUBLIC
CONNECT USER SA
DISCONNECT
/*C2*/SET SCHEMA PUBLIC
CONNECT USER SA
DISCONNECT
/*C3*/SET SCHEMA PUBLIC
CONNECT USER SA
/*C4*/SET SCHEMA PUBLIC
CONNECT USER SA
/*C5*/SET SCHEMA PUBLIC
CONNECT USER SA
/*C6*/SET SCHEMA PUBLIC
CONNECT USER SA
/*C7*/SET SCHEMA PUBLIC
CONNECT USER SA
/*C8*/SET SCHEMA PUBLIC
CONNECT USER SA
/*C9*/SET SCHEMA PUBLIC
CONNECT USER SA
/*C10*/SET SCHEMA PUBLIC
CONNECT USER SA
/*C11*/SET SCHEMA PUBLIC
CONNECT USER SA
/*C12*/SET SCHEMA PUBLIC
CONNECT USER SA
SET LOGSIZE 5
DELETE FROM FR_FUNCTIONRECORD WHERE FUNC='{"47":3}' AND LOGTIME='2015-11-23 09:37:04.273000000'
DELETE FROM FR_FUNCTIONRECORD WHERE FUNC='{"52":1,"47":1}' AND LOGTIME='2015-11-23 09:47:04.015000000'
DELETE FROM FR_FUNCTIONRECORD WHERE FUNC='{"4":1}' AND LOGTIME='2015-11-23 18:42:11.866000000'
DELETE FROM FR_FUNCTIONRECORD WHERE FUNC='{"3":1}' AND LOGTIME='2015-11-24 10:10:08.606000000'
DELETE FROM FR_FUNCTIONRECORD WHERE FUNC='{"3":1}' AND LOGTIME='2015-11-24 10:12:08.520000000'
DELETE FROM FR_FUNCTIONRECORD WHERE FUNC='{"3":1}' AND LOGTIME='2015-11-24 10:14:08.522000000'
DELETE FROM FR_FUNCTIONRECORD WHERE FUNC='{"3":2}' AND LOGTIME='2015-11-24 10:28:08.525000000'
DELETE FROM FR_FUNCTIONRECORD WHERE FUNC='{"3":1}' AND LOGTIME='2015-11-24 10:36:08.528000000'
DELETE FROM FR_FUNCTIONRECORD WHERE FUNC='{"3":1}' AND LOGTIME='2015-11-24 10:44:08.530000000'
DELETE FROM FR_FUNCTIONRECORD WHERE FUNC='{"3":1}' AND LOGTIME='2015-11-24 11:10:08.551000000'
DELETE FROM FR_FUNCTIONRECORD WHERE FUNC='{"4":1}' AND LOGTIME='2015-12-02 09:48:52.831000000'
DELETE FROM FR_FUNCTIONRECORD WHERE FUNC='{"0":2,"4":1}' AND LOGTIME='2015-12-02 11:11:56.210000000'
DELETE FROM FR_FUNCTIONRECORD WHERE FUNC='{"51":1}' AND LOGTIME='2015-12-02 11:21:56.104000000'
DELETE FROM FR_FUNCTIONRECORD WHERE FUNC='{"0":4}' AND LOGTIME='2016-02-23 10:50:04.802000000'
